Using pre-set license
Built from '2020.3/staging' branch; Version is '2020.3.11f1 (99c7afb366b3) revision 10078127'; Using compiler version '192528614'; Build Type 'Release'
OS: 'Windows 10 Pro; OS build 19041.630; Version 2004; 64bit' Language: 'en' Physical Memory: 16317 MB
BatchMode: 1, IsHumanControllingUs: 0, StartBugReporterOnCrash: 0, Is64bit: 1, IsPro: 0

 COMMAND LINE ARGUMENTS:
C:\Program Files\Unity\Hub\Editor\2020.3.11f1\Editor\Unity.exe
-adb2
-batchMode
-noUpm
-name
AssetImportWorker0
-projectPath
C:/Users/ReddieNine/Desktop/Programming-TheoryRepo/PT-Repo
-logFile
Logs/AssetImportWorker0.log
-srvPort
57279
Successfully changed project path to: C:/Users/ReddieNine/Desktop/Programming-TheoryRepo/PT-Repo
C:/Users/ReddieNine/Desktop/Programming-TheoryRepo/PT-Repo
Using Asset Import Pipeline V2.
Refreshing native plugins compatible for Editor in 30.43 ms, found 2 plugins.
Preloading 0 native plugins for Editor in 0.00 ms.
Initialize engine version: 2020.3.11f1 (99c7afb366b3)
[Subsystems] Discovering subsystems at path C:/Program Files/Unity/Hub/Editor/2020.3.11f1/Editor/Data/Resources/UnitySubsystems
[Subsystems] Discovering subsystems at path C:/Users/ReddieNine/Desktop/Programming-TheoryRepo/PT-Repo/Assets
GfxDevice: creating device client; threaded=0
Direct3D:
    Version:  Direct3D 11.0 [level 11.1]
    Renderer: NVIDIA GeForce GTX 970 (ID=0x13c2)
    Vendor:   
    VRAM:     4043 MB
    Driver:   26.21.14.3630
Initialize mono
Mono path[0] = 'C:/Program Files/Unity/Hub/Editor/2020.3.11f1/Editor/Data/Managed'
Mono path[1] = 'C:/Program Files/Unity/Hub/Editor/2020.3.11f1/Editor/Data/MonoBleedingEdge/lib/mono/unityjit'
Mono config path = 'C:/Program Files/Unity/Hub/Editor/2020.3.11f1/Editor/Data/MonoBleedingEdge/etc'
Using monoOptions --debugger-agent=transport=dt_socket,embedding=1,server=y,suspend=n,address=127.0.0.1:56604
Begin MonoManager ReloadAssembly
Registering precompiled unity dll's ...
Register platform support module: C:/Program Files/Unity/Hub/Editor/2020.3.11f1/Editor/Data/PlaybackEngines/WebGLSupport/UnityEditor.WebGL.Extensions.dll
Register platform support module: C:/Program Files/Unity/Hub/Editor/2020.3.11f1/Editor/Data/PlaybackEngines/WindowsStandaloneSupport/UnityEditor.WindowsStandalone.Extensions.dll
Registered in 0.002437 seconds.
Native extension for WindowsStandalone target not found
Native extension for WebGL target not found
Refreshing native plugins compatible for Editor in 28.31 ms, found 2 plugins.
Preloading 0 native plugins for Editor in 0.00 ms.
Mono: successfully reloaded assembly
- Completed reload, in  1.092 seconds
Platform modules already initialized, skipping
Registering precompiled user dll's ...
Registered in 0.007859 seconds.
Begin MonoManager ReloadAssembly
Native extension for WindowsStandalone target not found
Native extension for WebGL target not found
Refreshing native plugins compatible for Editor in 0.32 ms, found 2 plugins.
Preloading 0 native plugins for Editor in 0.00 ms.
Mono: successfully reloaded assembly
- Completed reload, in  0.907 seconds
Platform modules already initialized, skipping
========================================================================
Worker process is ready to serve import requests
Launched and connected shader compiler UnityShaderCompiler.exe after 0.05 seconds
Refreshing native plugins compatible for Editor in 0.33 ms, found 2 plugins.
Preloading 0 native plugins for Editor in 0.00 ms.
Unloading 1387 Unused Serialized files (Serialized files now loaded: 0)
System memory in use before: 65.9 MB.
System memory in use after: 65.9 MB.

Unloading 19 unused Assets to reduce memory usage. Loaded Objects now: 1820.
Total: 1.777300 ms (FindLiveObjects: 0.129600 ms CreateObjectMapping: 0.037300 ms MarkObjects: 1.540600 ms  DeleteObjects: 0.069100 ms)

========================================================================
Received Import Request.
  path: Assets/Course Library
  artifactKey: Guid(10a492cb0e85ae145b9cc221cc7928fa) Importer(815301076,1909f56bfc062723c751e8b465ee728b)
Start importing Assets/Course Library using Guid(10a492cb0e85ae145b9cc221cc7928fa) Importer(815301076,1909f56bfc062723c751e8b465ee728b)  -> (artifact id: '0455c90037662167776cba6a99d3f84d') in 0.024964 seconds
  Import took 0.026974 seconds .

========================================================================
Received Import Request.
  Time since last request: 2.097633 seconds.
  path: Assets/Course Library/Environments
  artifactKey: Guid(9adf4911ba9b441c7b1dd27fe12b6487) Importer(815301076,1909f56bfc062723c751e8b465ee728b)
Start importing Assets/Course Library/Environments using Guid(9adf4911ba9b441c7b1dd27fe12b6487) Importer(815301076,1909f56bfc062723c751e8b465ee728b)  -> (artifact id: 'f7ca7eb083df8253760918cfa8041386') in 0.024544 seconds
  Import took 0.026729 seconds .

========================================================================
Received Import Request.
  Time since last request: 1.733395 seconds.
  path: Assets/Course Library/Environments/Ground
  artifactKey: Guid(efafaf37aee603d4c84285f594a32b00) Importer(815301076,1909f56bfc062723c751e8b465ee728b)
Start importing Assets/Course Library/Environments/Ground using Guid(efafaf37aee603d4c84285f594a32b00) Importer(815301076,1909f56bfc062723c751e8b465ee728b)  -> (artifact id: '6dd191bdffd366d74437f97ffd0d7492') in 0.024446 seconds
  Import took 0.026874 seconds .

========================================================================
Received Import Request.
  Time since last request: 1.051407 seconds.
  path: Assets/Course Library/Environments/Ground/Ground_Road.prefab
  artifactKey: Guid(d80c7433031fdee44bf3910c4b046ce7) Importer(815301076,1909f56bfc062723c751e8b465ee728b)
Start importing Assets/Course Library/Environments/Ground/Ground_Road.prefab using Guid(d80c7433031fdee44bf3910c4b046ce7) Importer(815301076,1909f56bfc062723c751e8b465ee728b)  -> (artifact id: '399b70d7a3867c182a2eb7cf262c1c15') in 0.368777 seconds
  Import took 0.371642 seconds .

========================================================================
Received Import Request.
  Time since last request: 0.000199 seconds.
  path: Assets/Course Library/Environments/Ground/Ground_Tile_Hex_FloatingIsland_01.prefab
  artifactKey: Guid(961be46ca9a355943ae3f65c47741bb0) Importer(815301076,1909f56bfc062723c751e8b465ee728b)
Start importing Assets/Course Library/Environments/Ground/Ground_Tile_Hex_FloatingIsland_01.prefab using Guid(961be46ca9a355943ae3f65c47741bb0) Importer(815301076,1909f56bfc062723c751e8b465ee728b)  -> (artifact id: '8c9978994d81f1f9eb901f72634eb332') in 0.036508 seconds
  Import took 0.038609 seconds .

========================================================================
Received Import Request.
  Time since last request: 0.000227 seconds.
  path: Assets/Course Library/Environments/Ground/Ground_Tile_Cube_Flat_01.prefab
  artifactKey: Guid(4b0dd8d9ce8ef2b4ba4212934b7dc629) Importer(815301076,1909f56bfc062723c751e8b465ee728b)
Start importing Assets/Course Library/Environments/Ground/Ground_Tile_Cube_Flat_01.prefab using Guid(4b0dd8d9ce8ef2b4ba4212934b7dc629) Importer(815301076,1909f56bfc062723c751e8b465ee728b)  -> (artifact id: 'e8a478c237c3792c88de2fb2d0f0c386') in 0.033835 seconds
  Import took 0.036042 seconds .

========================================================================
Received Import Request.
  Time since last request: 0.000252 seconds.
  path: Assets/Course Library/Environments/Ground/Ground_Tile_Cube_FloatingIsland_01.prefab
  artifactKey: Guid(c18b0566c0ca32548acca53d337698db) Importer(815301076,1909f56bfc062723c751e8b465ee728b)
Start importing Assets/Course Library/Environments/Ground/Ground_Tile_Cube_FloatingIsland_01.prefab using Guid(c18b0566c0ca32548acca53d337698db) Importer(815301076,1909f56bfc062723c751e8b465ee728b)  -> (artifact id: '71031d8fa34f299d9d96eb97d5c6ce8d') in 0.033126 seconds
  Import took 0.035403 seconds .

========================================================================
Received Import Request.
  Time since last request: 0.000260 seconds.
  path: Assets/Course Library/Environments/Ground/Ground_Tile_Hex_Flat_01.prefab
  artifactKey: Guid(f610f1f30b970024b86dcc1a05308bc8) Importer(815301076,1909f56bfc062723c751e8b465ee728b)
Start importing Assets/Course Library/Environments/Ground/Ground_Tile_Hex_Flat_01.prefab using Guid(f610f1f30b970024b86dcc1a05308bc8) Importer(815301076,1909f56bfc062723c751e8b465ee728b)  -> (artifact id: 'b4326be85e2b2baa697b945351df1e1e') in 0.032862 seconds
  Import took 0.035002 seconds .

========================================================================
Received Import Request.
  Time since last request: 378.331785 seconds.
  path: Assets/Course Library/Vehicles/Cars
  artifactKey: Guid(5d5de64478a0d4483b0793020b5d3f9f) Importer(815301076,1909f56bfc062723c751e8b465ee728b)
Start importing Assets/Course Library/Vehicles/Cars using Guid(5d5de64478a0d4483b0793020b5d3f9f) Importer(815301076,1909f56bfc062723c751e8b465ee728b)  -> (artifact id: '72fe2ead9b40f1cb404ef44fbc1d19a6') in 0.024228 seconds
  Import took 0.027337 seconds .

========================================================================
Received Import Request.
  Time since last request: 1.659508 seconds.
  path: Assets/Course Library/Vehicles/Cars/Veh_Ute_Red_Z.prefab
  artifactKey: Guid(70bf34f6c25c948458f254e87188b00b) Importer(815301076,1909f56bfc062723c751e8b465ee728b)
Start importing Assets/Course Library/Vehicles/Cars/Veh_Ute_Red_Z.prefab using Guid(70bf34f6c25c948458f254e87188b00b) Importer(815301076,1909f56bfc062723c751e8b465ee728b)  -> (artifact id: 'e17ddf49bd3c892c663dce630f2cbef0') in 0.037438 seconds
  Import took 0.039993 seconds .

========================================================================
Received Import Request.
  Time since last request: 3.116115 seconds.
  path: Assets/Course Library/Vehicles/Cars/Veh_Car_Blue_Z.prefab
  artifactKey: Guid(09082afec7b5e824ca611a0cc3264bcd) Importer(815301076,1909f56bfc062723c751e8b465ee728b)
Start importing Assets/Course Library/Vehicles/Cars/Veh_Car_Blue_Z.prefab using Guid(09082afec7b5e824ca611a0cc3264bcd) Importer(815301076,1909f56bfc062723c751e8b465ee728b)  -> (artifact id: '6ff92bfdf5e128467e9bd4f8c3140e03') in 0.036653 seconds
  Import took 0.039016 seconds .

========================================================================
Received Import Request.
  Time since last request: 0.985599 seconds.
  path: Assets/Course Library/Vehicles/Cars/Veh_Van_Green_Z.prefab
  artifactKey: Guid(68840c673a0b18e41a044ed077548d55) Importer(815301076,1909f56bfc062723c751e8b465ee728b)
Start importing Assets/Course Library/Vehicles/Cars/Veh_Van_Green_Z.prefab using Guid(68840c673a0b18e41a044ed077548d55) Importer(815301076,1909f56bfc062723c751e8b465ee728b)  -> (artifact id: 'b06a2cb5a867322efb9cf9bb04240539') in 0.035712 seconds
  Import took 0.038169 seconds .

========================================================================
Received Import Request.
  Time since last request: 1.611230 seconds.
  path: Assets/Course Library/Vehicles/Cars/Veh_Armor_Car_01.prefab
  artifactKey: Guid(aea2a6cdcc9d7944090d528486ebaee1) Importer(815301076,1909f56bfc062723c751e8b465ee728b)
Start importing Assets/Course Library/Vehicles/Cars/Veh_Armor_Car_01.prefab using Guid(aea2a6cdcc9d7944090d528486ebaee1) Importer(815301076,1909f56bfc062723c751e8b465ee728b)  -> (artifact id: 'dee6aae7483251bcfa8970e911ba5e18') in 0.041249 seconds
  Import took 0.043704 seconds .

========================================================================
Received Import Request.
  Time since last request: 0.566600 seconds.
  path: Assets/Course Library/Vehicles/Cars/Veh_Bus_Blue_Z.prefab
  artifactKey: Guid(da59e5a3713884d4f9e9667c2befa1a4) Importer(815301076,1909f56bfc062723c751e8b465ee728b)
Start importing Assets/Course Library/Vehicles/Cars/Veh_Bus_Blue_Z.prefab using Guid(da59e5a3713884d4f9e9667c2befa1a4) Importer(815301076,1909f56bfc062723c751e8b465ee728b)  -> (artifact id: '9ed90dd9fa2b9721c5530673781b2ba6') in 0.032918 seconds
  Import took 0.035416 seconds .

========================================================================
Received Import Request.
  Time since last request: 2.099997 seconds.
  path: Assets/Course Library/Vehicles/Cars/SM_Veh_Convertable_01.prefab
  artifactKey: Guid(bfec9736616e0d74fa58c16f2e83dcdc) Importer(815301076,1909f56bfc062723c751e8b465ee728b)
Start importing Assets/Course Library/Vehicles/Cars/SM_Veh_Convertable_01.prefab using Guid(bfec9736616e0d74fa58c16f2e83dcdc) Importer(815301076,1909f56bfc062723c751e8b465ee728b)  -> (artifact id: 'a6137dbe658873d6ee77cfbf8b6c6816') in 0.491255 seconds
  Import took 0.493663 seconds .

========================================================================
Received Import Request.
  Time since last request: 227.958357 seconds.
  path: Assets/Course Library/Environments/Backgrounds
  artifactKey: Guid(df776867b4ded9c4396ba6ff433f7154) Importer(815301076,1909f56bfc062723c751e8b465ee728b)
Start importing Assets/Course Library/Environments/Backgrounds using Guid(df776867b4ded9c4396ba6ff433f7154) Importer(815301076,1909f56bfc062723c751e8b465ee728b)  -> (artifact id: '2c888db79bc83c570722a525ccf7fb8c') in 0.025329 seconds
  Import took 0.027823 seconds .

========================================================================
Received Import Request.
  Time since last request: 1.209492 seconds.
  path: Assets/Course Library/Environments/Backgrounds/Background_City.png
  artifactKey: Guid(3c2fe7a7d21764202adb8200047974e0) Importer(815301076,1909f56bfc062723c751e8b465ee728b)
Start importing Assets/Course Library/Environments/Backgrounds/Background_City.png using Guid(3c2fe7a7d21764202adb8200047974e0) Importer(815301076,1909f56bfc062723c751e8b465ee728b)  -> (artifact id: '68092b168284ceab88d34c210dd9e8b4') in 0.138915 seconds
  Import took 0.141230 seconds .

========================================================================
Received Import Request.
  Time since last request: 1.714635 seconds.
  path: Assets/Course Library/Environments/Backgrounds/Background_Nature.png
  artifactKey: Guid(f853ef505e2214dc8aef4ffe7df644ee) Importer(815301076,1909f56bfc062723c751e8b465ee728b)
Start importing Assets/Course Library/Environments/Backgrounds/Background_Nature.png using Guid(f853ef505e2214dc8aef4ffe7df644ee) Importer(815301076,1909f56bfc062723c751e8b465ee728b)  -> (artifact id: 'fa81d630c4acab5a74a63d481c80bb4f') in 0.043676 seconds
  Import took 0.046083 seconds .

========================================================================
Received Import Request.
  Time since last request: 13.796597 seconds.
  path: Assets/Course Library/Environments/Sky/SkyDome.prefab
  artifactKey: Guid(363a8f737719f4d2eafb35f885f3706f) Importer(815301076,1909f56bfc062723c751e8b465ee728b)
Start importing Assets/Course Library/Environments/Sky/SkyDome.prefab using Guid(363a8f737719f4d2eafb35f885f3706f) Importer(815301076,1909f56bfc062723c751e8b465ee728b)  -> (artifact id: '913f9db1e98128d4a171f5d7c5b906ee') in 0.171079 seconds
  Import took 0.173592 seconds .

========================================================================
Received Import Request.
  Time since last request: 0.599098 seconds.
  path: Assets/Course Library/Environments/Sky/MountainSkybox.prefab
  artifactKey: Guid(5f0963a629b97442587b7f3ece766e42) Importer(815301076,1909f56bfc062723c751e8b465ee728b)
Start importing Assets/Course Library/Environments/Sky/MountainSkybox.prefab using Guid(5f0963a629b97442587b7f3ece766e42) Importer(815301076,1909f56bfc062723c751e8b465ee728b)  -> (artifact id: '6b10e63d624e32d7ee7d5073054f8e67') in 0.225930 seconds
  Import took 0.228385 seconds .

========================================================================
Received Import Request.
  Time since last request: 0.001543 seconds.
  path: Assets/Course Library/Environments/Sky/MountainSkybox.prefab
  artifactKey: Guid(5f0963a629b97442587b7f3ece766e42) Importer(815301076,1909f56bfc062723c751e8b465ee728b)
Start importing Assets/Course Library/Environments/Sky/MountainSkybox.prefab using Guid(5f0963a629b97442587b7f3ece766e42) Importer(815301076,1909f56bfc062723c751e8b465ee728b)  -> (artifact id: '6b10e63d624e32d7ee7d5073054f8e67') in 0.034108 seconds
  Import took 0.036544 seconds .

========================================================================
Received Import Request.
  Time since last request: 5.555823 seconds.
  path: Assets/Course Library/_Source_Files/Materials/4K_Backgrounds.mat
  artifactKey: Guid(84929aecd4af3984386bf084b20ecafa) Importer(815301076,1909f56bfc062723c751e8b465ee728b)
Start importing Assets/Course Library/_Source_Files/Materials/4K_Backgrounds.mat using Guid(84929aecd4af3984386bf084b20ecafa) Importer(815301076,1909f56bfc062723c751e8b465ee728b)  -> (artifact id: 'bb756eb48935a902c5fcebe99eb5197e') in 0.044888 seconds
  Import took 0.047128 seconds .

========================================================================
Received Import Request.
  Time since last request: 0.000228 seconds.
  path: Assets/Course Library/_Source_Files/Materials/SimpleAnimalsFarm.mat
  artifactKey: Guid(185ca34253615de44926902d54fb6f1d) Importer(815301076,1909f56bfc062723c751e8b465ee728b)
Start importing Assets/Course Library/_Source_Files/Materials/SimpleAnimalsFarm.mat using Guid(185ca34253615de44926902d54fb6f1d) Importer(815301076,1909f56bfc062723c751e8b465ee728b)  -> (artifact id: '4a79ba4adb0385ab99baeb27dd8d121c') in 0.037763 seconds
  Import took 0.039912 seconds .

========================================================================
Received Import Request.
  Time since last request: 0.000223 seconds.
  path: Assets/Course Library/Fonts/Oswald/Oswald-Regular.ttf
  artifactKey: Guid(4614df9ec815a45a08f109d32722f99f) Importer(815301076,1909f56bfc062723c751e8b465ee728b)
Start importing Assets/Course Library/Fonts/Oswald/Oswald-Regular.ttf using Guid(4614df9ec815a45a08f109d32722f99f) Importer(815301076,1909f56bfc062723c751e8b465ee728b)  -> (artifact id: 'e936c1da7f5087201950b1f26ed772e6') in 0.069643 seconds
  Import took 0.071759 seconds .

========================================================================
Received Import Request.
  Time since last request: 0.000201 seconds.
  path: Assets/Course Library/Fonts/Indie_Flower/IndieFlower SDF.asset
  artifactKey: Guid(8abe1e37fe7bf433896970245b936749) Importer(815301076,1909f56bfc062723c751e8b465ee728b)
Start importing Assets/Course Library/Fonts/Indie_Flower/IndieFlower SDF.asset using Guid(8abe1e37fe7bf433896970245b936749) Importer(815301076,1909f56bfc062723c751e8b465ee728b)  -> (artifact id: 'cedf82a9782dd7b58969fae58359c962') in 0.057773 seconds
  Import took 0.059996 seconds .

========================================================================
Received Import Request.
  Time since last request: 0.000260 seconds.
  path: Assets/Course Library/_Source_Files/Materials/Military_Green.mat
  artifactKey: Guid(7bc72f97a09670a4f9b072e70f88f4cd) Importer(815301076,1909f56bfc062723c751e8b465ee728b)
Start importing Assets/Course Library/_Source_Files/Materials/Military_Green.mat using Guid(7bc72f97a09670a4f9b072e70f88f4cd) Importer(815301076,1909f56bfc062723c751e8b465ee728b)  -> (artifact id: '6183a6cba1c44e11f90ba2a4ac1ba5aa') in 0.036130 seconds
  Import took 0.041144 seconds .

========================================================================
Received Import Request.
  Time since last request: 0.000238 seconds.
  path: Assets/Course Library/_Source_Files/Materials/PolygonPrototype_Texture_01.mat
  artifactKey: Guid(41680dad0f0243748b4e228f49a2e3c4) Importer(815301076,1909f56bfc062723c751e8b465ee728b)
Start importing Assets/Course Library/_Source_Files/Materials/PolygonPrototype_Texture_01.mat using Guid(41680dad0f0243748b4e228f49a2e3c4) Importer(815301076,1909f56bfc062723c751e8b465ee728b)  -> (artifact id: 'a4f22ae55f9793b59bfd22cbba44924f') in 0.036119 seconds
  Import took 0.038296 seconds .

========================================================================
Received Import Request.
  Time since last request: 0.000220 seconds.
  path: Assets/Course Library/Fonts/Indie_Flower/IndieFlower.ttf
  artifactKey: Guid(1e2dedf0209f94b3a970377b23a013a9) Importer(815301076,1909f56bfc062723c751e8b465ee728b)
Start importing Assets/Course Library/Fonts/Indie_Flower/IndieFlower.ttf using Guid(1e2dedf0209f94b3a970377b23a013a9) Importer(815301076,1909f56bfc062723c751e8b465ee728b)  -> (artifact id: 'e6d6b1eb18174a2954f1d9000e750356') in 0.031505 seconds
  Import took 0.033743 seconds .

========================================================================
Received Import Request.
  Time since last request: 0.000211 seconds.
  path: Assets/Course Library/_Source_Files/Materials/PolygonNature_01.mat
  artifactKey: Guid(b72e16591230315448c77c827b522ae1) Importer(815301076,1909f56bfc062723c751e8b465ee728b)
Start importing Assets/Course Library/_Source_Files/Materials/PolygonNature_01.mat using Guid(b72e16591230315448c77c827b522ae1) Importer(815301076,1909f56bfc062723c751e8b465ee728b)  -> (artifact id: '225d54b1b74bcd83bf001d0b7eac556c') in 0.131273 seconds
  Import took 0.133790 seconds .

========================================================================
Received Import Request.
  Time since last request: 0.000247 seconds.
  path: Assets/Course Library/Fonts/Oswald/Oswald-Regular SDF.asset
  artifactKey: Guid(570821af6fea44af1be9861c4a496950) Importer(815301076,1909f56bfc062723c751e8b465ee728b)
Start importing Assets/Course Library/Fonts/Oswald/Oswald-Regular SDF.asset using Guid(570821af6fea44af1be9861c4a496950) Importer(815301076,1909f56bfc062723c751e8b465ee728b)  -> (artifact id: 'b59c9354586cf22e1a04ecbe28cdd0a4') in 0.040244 seconds
  Import took 0.042376 seconds .

========================================================================
Received Import Request.
  Time since last request: 0.000279 seconds.
  path: Assets/Course Library/_Source_Files/Materials/SimpleDogs.mat
  artifactKey: Guid(5a3559dc71a3dee46a71f5627f48bb36) Importer(815301076,1909f56bfc062723c751e8b465ee728b)
Start importing Assets/Course Library/_Source_Files/Materials/SimpleDogs.mat using Guid(5a3559dc71a3dee46a71f5627f48bb36) Importer(815301076,1909f56bfc062723c751e8b465ee728b)  -> (artifact id: '0d7391621b35398c7ba249362c43498d') in 0.033938 seconds
  Import took 0.036305 seconds .

========================================================================
Received Import Request.
  Time since last request: 0.000271 seconds.
  path: Assets/Course Library/_Source_Files/Materials/SimpleFarmer_Farmer_White.mat
  artifactKey: Guid(76856409e42797647857f1675c1b6ef9) Importer(815301076,1909f56bfc062723c751e8b465ee728b)
Start importing Assets/Course Library/_Source_Files/Materials/SimpleFarmer_Farmer_White.mat using Guid(76856409e42797647857f1675c1b6ef9) Importer(815301076,1909f56bfc062723c751e8b465ee728b)  -> (artifact id: '573b1c31cf433e97cc2bac3f8c371d1d') in 0.160000 seconds
  Import took 0.162370 seconds .

========================================================================
Received Import Request.
  Time since last request: 0.000217 seconds.
  path: Assets/Course Library/Fonts/Margarine/Margarine-Regular.ttf
  artifactKey: Guid(32de974c3db9e4756969d3fd9309e8e4) Importer(815301076,1909f56bfc062723c751e8b465ee728b)
Start importing Assets/Course Library/Fonts/Margarine/Margarine-Regular.ttf using Guid(32de974c3db9e4756969d3fd9309e8e4) Importer(815301076,1909f56bfc062723c751e8b465ee728b)  -> (artifact id: 'f418f19b9ac6d30d8d696f38c21b9ebc') in 0.031879 seconds
  Import took 0.034206 seconds .

========================================================================
Received Import Request.
  Time since last request: 0.000249 seconds.
  path: Assets/Course Library/_Source_Files/Materials/FX_Glow.mat
  artifactKey: Guid(040cfa3c61ad57946ae16c627e338920) Importer(815301076,1909f56bfc062723c751e8b465ee728b)
Start importing Assets/Course Library/_Source_Files/Materials/FX_Glow.mat using Guid(040cfa3c61ad57946ae16c627e338920) Importer(815301076,1909f56bfc062723c751e8b465ee728b)  -> (artifact id: 'b4670a12cad599e36068e220592f60b1') in 0.034680 seconds
  Import took 0.036946 seconds .

========================================================================
Received Import Request.
  Time since last request: 0.000235 seconds.
  path: Assets/Course Library/_Source_Files/Materials/SimpleFarmer_FarmersDaughter_Brown.mat
  artifactKey: Guid(cc347604e888272408e91697907628e5) Importer(815301076,1909f56bfc062723c751e8b465ee728b)
Start importing Assets/Course Library/_Source_Files/Materials/SimpleFarmer_FarmersDaughter_Brown.mat using Guid(cc347604e888272408e91697907628e5) Importer(815301076,1909f56bfc062723c751e8b465ee728b)  -> (artifact id: '2179b69e0106152bb203789b301dd40f') in 0.034106 seconds
  Import took 0.036414 seconds .

========================================================================
Received Import Request.
  Time since last request: 0.000206 seconds.
  path: Assets/Course Library/_Source_Files/Materials/PolygonPrototype_Texture_04.mat
  artifactKey: Guid(7d22fc6b9a431b043a917fb89a80bcfc) Importer(815301076,1909f56bfc062723c751e8b465ee728b)
Start importing Assets/Course Library/_Source_Files/Materials/PolygonPrototype_Texture_04.mat using Guid(7d22fc6b9a431b043a917fb89a80bcfc) Importer(815301076,1909f56bfc062723c751e8b465ee728b)  -> (artifact id: 'f3df0cc08fe092ded503a31654dd1862') in 0.036211 seconds
  Import took 0.038395 seconds .

========================================================================
Received Import Request.
  Time since last request: 0.000243 seconds.
  path: Assets/Course Library/Fonts/Exo_2/Exo2-Regular SDF.asset
  artifactKey: Guid(f0bfb73449e8943d0a0d1efb2290352e) Importer(815301076,1909f56bfc062723c751e8b465ee728b)
Start importing Assets/Course Library/Fonts/Exo_2/Exo2-Regular SDF.asset using Guid(f0bfb73449e8943d0a0d1efb2290352e) Importer(815301076,1909f56bfc062723c751e8b465ee728b)  -> (artifact id: 'f70f71404e2dce3eb7671b3ece6016aa') in 0.039855 seconds
  Import took 0.042294 seconds .

========================================================================
Received Import Request.
  Time since last request: 0.000291 seconds.
  path: Assets/Course Library/_Source_Files/Materials/FX_Lightray.mat
  artifactKey: Guid(7e0b60daf18511249a209d52beda2988) Importer(815301076,1909f56bfc062723c751e8b465ee728b)
Start importing Assets/Course Library/_Source_Files/Materials/FX_Lightray.mat using Guid(7e0b60daf18511249a209d52beda2988) Importer(815301076,1909f56bfc062723c751e8b465ee728b)  -> (artifact id: '1a3b540a73efabe9591ff16477cec421') in 0.056335 seconds
  Import took 0.058753 seconds .

========================================================================
Received Import Request.
  Time since last request: 0.000235 seconds.
  path: Assets/Course Library/_Source_Files/Materials/PolygonMinis_Fantasy_01.mat
  artifactKey: Guid(a16b7b85a356b7d469067849a165dcff) Importer(815301076,1909f56bfc062723c751e8b465ee728b)
Start importing Assets/Course Library/_Source_Files/Materials/PolygonMinis_Fantasy_01.mat using Guid(a16b7b85a356b7d469067849a165dcff) Importer(815301076,1909f56bfc062723c751e8b465ee728b)  -> (artifact id: '3474170305b269cd309bbea94b1552e2') in 0.033051 seconds
  Import took 0.035350 seconds .

========================================================================
Received Import Request.
  Time since last request: 0.000224 seconds.
  path: Assets/Course Library/Fonts/Margarine/Margarine-Regular SDF.asset
  artifactKey: Guid(ff9dfb9dcfa9b451da0749c3d2b449a9) Importer(815301076,1909f56bfc062723c751e8b465ee728b)
Start importing Assets/Course Library/Fonts/Margarine/Margarine-Regular SDF.asset using Guid(ff9dfb9dcfa9b451da0749c3d2b449a9) Importer(815301076,1909f56bfc062723c751e8b465ee728b)  -> (artifact id: '170d1c6a668f53002b5e1751c17ac761') in 0.044543 seconds
  Import took 0.046780 seconds .

========================================================================
Received Import Request.
  Time since last request: 0.000231 seconds.
  path: Assets/Course Library/_Source_Files/Materials/PolygonTown_01_A.mat
  artifactKey: Guid(28646867ddcf90a4989276acd313ea43) Importer(815301076,1909f56bfc062723c751e8b465ee728b)
Start importing Assets/Course Library/_Source_Files/Materials/PolygonTown_01_A.mat using Guid(28646867ddcf90a4989276acd313ea43) Importer(815301076,1909f56bfc062723c751e8b465ee728b)  -> (artifact id: 'f95e61a7624b9b78fe05cd2c61373a25') in 0.053484 seconds
  Import took 0.055814 seconds .

========================================================================
Received Import Request.
  Time since last request: 0.000232 seconds.
  path: Assets/Course Library/_Source_Files/Materials/PolygonCity_Texture_01_A.mat
  artifactKey: Guid(f846a97524f98f44bae9b13d72a2fc49) Importer(815301076,1909f56bfc062723c751e8b465ee728b)
Start importing Assets/Course Library/_Source_Files/Materials/PolygonCity_Texture_01_A.mat using Guid(f846a97524f98f44bae9b13d72a2fc49) Importer(815301076,1909f56bfc062723c751e8b465ee728b)  -> (artifact id: '2e5468ea3b0f166c64cfcb96c3d85ad4') in 0.039116 seconds
  Import took 0.041826 seconds .

========================================================================
Received Import Request.
  Time since last request: 0.000392 seconds.
  path: Assets/Course Library/_Source_Files/Materials/FX_Dust.mat
  artifactKey: Guid(cd97a4f0bfba00a46a4a29156f2a23bd) Importer(815301076,1909f56bfc062723c751e8b465ee728b)
Start importing Assets/Course Library/_Source_Files/Materials/FX_Dust.mat using Guid(cd97a4f0bfba00a46a4a29156f2a23bd) Importer(815301076,1909f56bfc062723c751e8b465ee728b)  -> (artifact id: 'a0852d104f6970b8e80714b45d8beb04') in 0.039072 seconds
  Import took 0.043251 seconds .

========================================================================
Received Import Request.
  Time since last request: 0.000229 seconds.
  path: Assets/Course Library/_Source_Files/Materials/FX_Water.mat
  artifactKey: Guid(daf5714b1bd61c84fb8f439922ec2664) Importer(815301076,1909f56bfc062723c751e8b465ee728b)
Start importing Assets/Course Library/_Source_Files/Materials/FX_Water.mat using Guid(daf5714b1bd61c84fb8f439922ec2664) Importer(815301076,1909f56bfc062723c751e8b465ee728b)  -> (artifact id: '4ff5fd034f75445846fbfb05f5831312') in 0.076609 seconds
  Import took 0.079519 seconds .

========================================================================
Received Import Request.
  Time since last request: 0.000183 seconds.
  path: Assets/Course Library/_Source_Files/Materials/FX_GunFlash.mat
  artifactKey: Guid(f1b0fea076fb0574d868f6e3d9523f52) Importer(815301076,1909f56bfc062723c751e8b465ee728b)
Start importing Assets/Course Library/_Source_Files/Materials/FX_GunFlash.mat using Guid(f1b0fea076fb0574d868f6e3d9523f52) Importer(815301076,1909f56bfc062723c751e8b465ee728b)  -> (artifact id: '8971bf4aa9cab6dad2884ca9de443729') in 0.032832 seconds
  Import took 0.035370 seconds .

========================================================================
Received Import Request.
  Time since last request: 0.000224 seconds.
  path: Assets/Course Library/_Source_Files/Materials/lambert1.mat
  artifactKey: Guid(755a8ab3a8f607b4eb3106d48b449755) Importer(815301076,1909f56bfc062723c751e8b465ee728b)
Start importing Assets/Course Library/_Source_Files/Materials/lambert1.mat using Guid(755a8ab3a8f607b4eb3106d48b449755) Importer(815301076,1909f56bfc062723c751e8b465ee728b)  -> (artifact id: '8b4b745fb6db39a9b4a59a27659c4fa7') in 0.032149 seconds
  Import took 0.034946 seconds .

========================================================================
Received Import Request.
  Time since last request: 0.000200 seconds.
  path: Assets/Course Library/_Source_Files/Materials/SimpleFarmer_Farmer_Black.mat
  artifactKey: Guid(4ffb04dab08f3bc46b4bae49c8873e63) Importer(815301076,1909f56bfc062723c751e8b465ee728b)
Start importing Assets/Course Library/_Source_Files/Materials/SimpleFarmer_Farmer_Black.mat using Guid(4ffb04dab08f3bc46b4bae49c8873e63) Importer(815301076,1909f56bfc062723c751e8b465ee728b)  -> (artifact id: '04ef03008dd74992b3fe4b5002a22273') in 0.032417 seconds
  Import took 0.034636 seconds .

========================================================================
Received Import Request.
  Time since last request: 0.000239 seconds.
  path: Assets/Course Library/Fonts/Baloo_Chettan/BalooChettan-Regular SDF.asset
  artifactKey: Guid(31706cb8c8e1e4d99bb4d0a39c952ca2) Importer(815301076,1909f56bfc062723c751e8b465ee728b)
Start importing Assets/Course Library/Fonts/Baloo_Chettan/BalooChettan-Regular SDF.asset using Guid(31706cb8c8e1e4d99bb4d0a39c952ca2) Importer(815301076,1909f56bfc062723c751e8b465ee728b)  -> (artifact id: 'eecbcebfa9bd3f6988ffccd06aabae7d') in 0.041262 seconds
  Import took 0.043476 seconds .

========================================================================
Received Import Request.
  Time since last request: 0.000175 seconds.
  path: Assets/Course Library/Fonts/Roboto/Roboto-Regular SDF.asset
  artifactKey: Guid(fe615c40225014542b62517f6f0fabf4) Importer(815301076,1909f56bfc062723c751e8b465ee728b)
Start importing Assets/Course Library/Fonts/Roboto/Roboto-Regular SDF.asset using Guid(fe615c40225014542b62517f6f0fabf4) Importer(815301076,1909f56bfc062723c751e8b465ee728b)  -> (artifact id: '27345611e17fa8a61a003b0776ccf38e') in 0.040434 seconds
  Import took 0.042645 seconds .

========================================================================
Received Import Request.
  Time since last request: 0.000189 seconds.
  path: Assets/Course Library/_Source_Files/Materials/SimpleFarmer_FarmersDaughter_Black.mat
  artifactKey: Guid(e4d5a3e7cf15bcd4a919ec0bb9c42188) Importer(815301076,1909f56bfc062723c751e8b465ee728b)
Start importing Assets/Course Library/_Source_Files/Materials/SimpleFarmer_FarmersDaughter_Black.mat using Guid(e4d5a3e7cf15bcd4a919ec0bb9c42188) Importer(815301076,1909f56bfc062723c751e8b465ee728b)  -> (artifact id: '7d6ad807bac40f1e228614b8c79acaf3') in 0.032740 seconds
  Import took 0.035040 seconds .

========================================================================
Received Import Request.
  Time since last request: 0.000220 seconds.
  path: Assets/Course Library/Fonts/Baloo_Chettan/BalooChettan-Regular.ttf
  artifactKey: Guid(1de092811748445db9e4b7597a8204d1) Importer(815301076,1909f56bfc062723c751e8b465ee728b)
Start importing Assets/Course Library/Fonts/Baloo_Chettan/BalooChettan-Regular.ttf using Guid(1de092811748445db9e4b7597a8204d1) Importer(815301076,1909f56bfc062723c751e8b465ee728b)  -> (artifact id: 'fa85a5e30bc9265c7809d88f8f448b04') in 0.030032 seconds
  Import took 0.032481 seconds .

========================================================================
Received Import Request.
  Time since last request: 0.000235 seconds.
  path: Assets/Course Library/_Source_Files/Materials/PolygonNature_MountainSkybox_Snow.mat
  artifactKey: Guid(fb87686c53fbcc24a867e24f6b622498) Importer(815301076,1909f56bfc062723c751e8b465ee728b)
Start importing Assets/Course Library/_Source_Files/Materials/PolygonNature_MountainSkybox_Snow.mat using Guid(fb87686c53fbcc24a867e24f6b622498) Importer(815301076,1909f56bfc062723c751e8b465ee728b)  -> (artifact id: '11579e6c2088ab75c14b4aede77c898b') in 0.034874 seconds
  Import took 0.037636 seconds .

========================================================================
Received Import Request.
  Time since last request: 0.000188 seconds.
  path: Assets/Course Library/Fonts/Exo_2/Exo2-Regular.ttf
  artifactKey: Guid(3a70ad0bbaee8473c80840c8766769c1) Importer(815301076,1909f56bfc062723c751e8b465ee728b)
Start importing Assets/Course Library/Fonts/Exo_2/Exo2-Regular.ttf using Guid(3a70ad0bbaee8473c80840c8766769c1) Importer(815301076,1909f56bfc062723c751e8b465ee728b)  -> (artifact id: 'e50b99e629f4a57523c4f82b0525d66f') in 0.029600 seconds
  Import took 0.031964 seconds .

========================================================================
Received Import Request.
  Time since last request: 0.000177 seconds.
  path: Assets/Course Library/_Source_Files/Materials/FX_Base.mat
  artifactKey: Guid(a0cec58fc32f482418596ffdf7c0d693) Importer(815301076,1909f56bfc062723c751e8b465ee728b)
Start importing Assets/Course Library/_Source_Files/Materials/FX_Base.mat using Guid(a0cec58fc32f482418596ffdf7c0d693) Importer(815301076,1909f56bfc062723c751e8b465ee728b)  -> (artifact id: 'c04d7ca0d6864aeef74c16270aa98af9') in 0.029187 seconds
  Import took 0.031778 seconds .

========================================================================
Received Import Request.
  Time since last request: 0.000176 seconds.
  path: Assets/Course Library/_Source_Files/Materials/MilitaryProps.mat
  artifactKey: Guid(af9d3101091f90d4db78a2097d5dcb84) Importer(815301076,1909f56bfc062723c751e8b465ee728b)
Start importing Assets/Course Library/_Source_Files/Materials/MilitaryProps.mat using Guid(af9d3101091f90d4db78a2097d5dcb84) Importer(815301076,1909f56bfc062723c751e8b465ee728b)  -> (artifact id: '07e537f3830c5bdf3aac3660eebacb0e') in 0.033938 seconds
  Import took 0.036278 seconds .

========================================================================
Received Import Request.
  Time since last request: 0.000195 seconds.
  path: Assets/Course Library/_Source_Files/Materials/SimpleAirport.mat
  artifactKey: Guid(f9063a172dec5824f87a148932421f2d) Importer(815301076,1909f56bfc062723c751e8b465ee728b)
Start importing Assets/Course Library/_Source_Files/Materials/SimpleAirport.mat using Guid(f9063a172dec5824f87a148932421f2d) Importer(815301076,1909f56bfc062723c751e8b465ee728b)  -> (artifact id: '7eb0901a4c1ee8e6390a53f5f3270936') in 0.045847 seconds
  Import took 0.048473 seconds .

========================================================================
Received Import Request.
  Time since last request: 0.000201 seconds.
  path: Assets/Course Library/Fonts/Roboto/Roboto-Regular.ttf
  artifactKey: Guid(c24dc1a356ac9499b9924f6810888b8f) Importer(815301076,1909f56bfc062723c751e8b465ee728b)
Start importing Assets/Course Library/Fonts/Roboto/Roboto-Regular.ttf using Guid(c24dc1a356ac9499b9924f6810888b8f) Importer(815301076,1909f56bfc062723c751e8b465ee728b)  -> (artifact id: '9261a195f58fb5d9d9728b370d0a069b') in 0.035354 seconds
  Import took 0.037764 seconds .

========================================================================
Received Import Request.
  Time since last request: 0.000202 seconds.
  path: Assets/Course Library/_Source_Files/Materials/Prop_Signs_00.mat
  artifactKey: Guid(16907a240f508cc46bb9ee1d37bc94ec) Importer(815301076,1909f56bfc062723c751e8b465ee728b)
Start importing Assets/Course Library/_Source_Files/Materials/Prop_Signs_00.mat using Guid(16907a240f508cc46bb9ee1d37bc94ec) Importer(815301076,1909f56bfc062723c751e8b465ee728b)  -> (artifact id: '5398d5666b2d663b5a08acb53b4452a3') in 0.033040 seconds
  Import took 0.035421 seconds .

========================================================================
Received Import Request.
  Time since last request: 0.000219 seconds.
  path: Assets/Course Library/_Source_Files/Materials/PolygonCity_Mat_01_A.mat
  artifactKey: Guid(62e25ef75a2216f418d06453c9ad15cb) Importer(815301076,1909f56bfc062723c751e8b465ee728b)
Start importing Assets/Course Library/_Source_Files/Materials/PolygonCity_Mat_01_A.mat using Guid(62e25ef75a2216f418d06453c9ad15cb) Importer(815301076,1909f56bfc062723c751e8b465ee728b)  -> (artifact id: '1963edb49411d93f3b7df86d6998a145') in 0.181007 seconds
  Import took 0.183330 seconds .

========================================================================
Received Import Request.
  Time since last request: 0.000228 seconds.
  path: Assets/Course Library/_Source_Files/Materials/SimpleFarmer_Farmer_Brown.mat
  artifactKey: Guid(d4f57b669d9639544b1d50ba3f22dbe4) Importer(815301076,1909f56bfc062723c751e8b465ee728b)
Start importing Assets/Course Library/_Source_Files/Materials/SimpleFarmer_Farmer_Brown.mat using Guid(d4f57b669d9639544b1d50ba3f22dbe4) Importer(815301076,1909f56bfc062723c751e8b465ee728b)  -> (artifact id: '6bd7982537e3271c2e9ed9b579cee3a3') in 0.033679 seconds
  Import took 0.035832 seconds .

========================================================================
Received Import Request.
  Time since last request: 0.000249 seconds.
  path: Assets/Course Library/_Source_Files/Materials/FX_Splash.mat
  artifactKey: Guid(1ee00051305bdb049b02c923f047227d) Importer(815301076,1909f56bfc062723c751e8b465ee728b)
Start importing Assets/Course Library/_Source_Files/Materials/FX_Splash.mat using Guid(1ee00051305bdb049b02c923f047227d) Importer(815301076,1909f56bfc062723c751e8b465ee728b)  -> (artifact id: '9b19b58704b15b0dc651856f07bcc4b0') in 0.036644 seconds
  Import took 0.039055 seconds .

========================================================================
Received Import Request.
  Time since last request: 0.000218 seconds.
  path: Assets/Course Library/_Source_Files/Materials/FX_Rubble.mat
  artifactKey: Guid(7a9bced7715b2c047b5413e33bc60d5c) Importer(815301076,1909f56bfc062723c751e8b465ee728b)
Start importing Assets/Course Library/_Source_Files/Materials/FX_Rubble.mat using Guid(7a9bced7715b2c047b5413e33bc60d5c) Importer(815301076,1909f56bfc062723c751e8b465ee728b)  -> (artifact id: '190b0fc7deda8e7d2cd28acde46b4d52') in 0.032042 seconds
  Import took 0.034198 seconds .

========================================================================
Received Import Request.
  Time since last request: 586.797119 seconds.
  path: Assets/Course Library/Textures/Ground
  artifactKey: Guid(215251d84161a49afa39c3431ea6391b) Importer(815301076,1909f56bfc062723c751e8b465ee728b)
Start importing Assets/Course Library/Textures/Ground using Guid(215251d84161a49afa39c3431ea6391b) Importer(815301076,1909f56bfc062723c751e8b465ee728b)  -> (artifact id: 'ed637a9dc8e4a1080bf42f1acdf43df2') in 0.023415 seconds
  Import took 0.026347 seconds .

========================================================================
Received Import Request.
  Time since last request: 1.501824 seconds.
  path: Assets/Course Library/Textures/Ground/Grass.png
  artifactKey: Guid(3cf543484d2fb7347b203b934a632fa6) Importer(815301076,1909f56bfc062723c751e8b465ee728b)
Start importing Assets/Course Library/Textures/Ground/Grass.png using Guid(3cf543484d2fb7347b203b934a632fa6) Importer(815301076,1909f56bfc062723c751e8b465ee728b)  -> (artifact id: '8eb96e05c82d1871ad057b552fec5504') in 0.046646 seconds
  Import took 0.048948 seconds .

========================================================================
Received Import Request.
  Time since last request: 3.146136 seconds.
  path: Assets/Course Library/Textures/Ground/Gravel.png
  artifactKey: Guid(6078022333aeb934e94f73ce8fe09e6b) Importer(815301076,1909f56bfc062723c751e8b465ee728b)
Start importing Assets/Course Library/Textures/Ground/Gravel.png using Guid(6078022333aeb934e94f73ce8fe09e6b) Importer(815301076,1909f56bfc062723c751e8b465ee728b)  -> (artifact id: 'f3ba1e50ac8ba435f5f8c13552e0f600') in 0.035175 seconds
  Import took 0.037560 seconds .

========================================================================
Received Import Request.
  Time since last request: 0.810312 seconds.
  path: Assets/Course Library/Textures/Ground/Sand.png
  artifactKey: Guid(1d77cecaeaa637a4386def007c1a1e4d) Importer(815301076,1909f56bfc062723c751e8b465ee728b)
Start importing Assets/Course Library/Textures/Ground/Sand.png using Guid(1d77cecaeaa637a4386def007c1a1e4d) Importer(815301076,1909f56bfc062723c751e8b465ee728b)  -> (artifact id: 'cc0e31545351d3bee48d762a76ae3dc6') in 0.035172 seconds
  Import took 0.037506 seconds .

========================================================================
Received Import Request.
  Time since last request: 10.322655 seconds.
  path: Assets/Ground textures pack/Grass 01/diffuse.tga
  artifactKey: Guid(a51044dfe95257548b466bc35528b878) Importer(815301076,1909f56bfc062723c751e8b465ee728b)
Start importing Assets/Ground textures pack/Grass 01/diffuse.tga using Guid(a51044dfe95257548b466bc35528b878) Importer(815301076,1909f56bfc062723c751e8b465ee728b)  -> (artifact id: '4f50d08cd5c5e6e1b3db9567741a4401') in 0.038162 seconds
  Import took 0.040442 seconds .

========================================================================
Received Import Request.
  Time since last request: 0.350940 seconds.
  path: Assets/Ground textures pack/Dry ground
  artifactKey: Guid(1211f28606afa5e41bf6d01ad308a1f9) Importer(815301076,1909f56bfc062723c751e8b465ee728b)
Start importing Assets/Ground textures pack/Dry ground using Guid(1211f28606afa5e41bf6d01ad308a1f9) Importer(815301076,1909f56bfc062723c751e8b465ee728b)  -> (artifact id: '06e439699c30f8ef1c8a32e2de4bdde4') in 0.023785 seconds
  Import took 0.026098 seconds .

========================================================================
Received Import Request.
  Time since last request: 733.190396 seconds.
  path: Assets/Ground textures pack/Dry ground/diffuse.tga
  artifactKey: Guid(f5d1de47f0f760544a5596ceb8cc895f) Importer(815301076,1909f56bfc062723c751e8b465ee728b)
Start importing Assets/Ground textures pack/Dry ground/diffuse.tga using Guid(f5d1de47f0f760544a5596ceb8cc895f) Importer(815301076,1909f56bfc062723c751e8b465ee728b)  -> (artifact id: 'e6057c720a8e631672840ccc4e8c1ac1') in 0.032462 seconds
  Import took 0.035212 seconds .

========================================================================
Received Import Request.
  Time since last request: 0.004508 seconds.
  path: Assets/Ground textures pack/Dry ground/diffuse.tga
  artifactKey: Guid(f5d1de47f0f760544a5596ceb8cc895f) Importer(815301076,1909f56bfc062723c751e8b465ee728b)
Start importing Assets/Ground textures pack/Dry ground/diffuse.tga using Guid(f5d1de47f0f760544a5596ceb8cc895f) Importer(815301076,1909f56bfc062723c751e8b465ee728b)  -> (artifact id: 'e6057c720a8e631672840ccc4e8c1ac1') in 0.035548 seconds
  Import took 0.037900 seconds .

========================================================================
Received Import Request.
  Time since last request: 3.796040 seconds.
  path: Assets/Ground textures pack/Grass & dead leafs 01/diffuse.tga
  artifactKey: Guid(46c9b2c471a59f24cbe88eae93a32f60) Importer(815301076,1909f56bfc062723c751e8b465ee728b)
Start importing Assets/Ground textures pack/Grass & dead leafs 01/diffuse.tga using Guid(46c9b2c471a59f24cbe88eae93a32f60) Importer(815301076,1909f56bfc062723c751e8b465ee728b)  -> (artifact id: '07af939ad62f7d5182787d8ce1ca0c53') in 0.035277 seconds
  Import took 0.037622 seconds .

========================================================================
Received Import Request.
  Time since last request: 5.226927 seconds.
  path: Assets/Ground textures pack/Grass & rocks/diffuse.tga
  artifactKey: Guid(12ff3c37d59e28240a8f4643c3ead3d3) Importer(815301076,1909f56bfc062723c751e8b465ee728b)
Start importing Assets/Ground textures pack/Grass & rocks/diffuse.tga using Guid(12ff3c37d59e28240a8f4643c3ead3d3) Importer(815301076,1909f56bfc062723c751e8b465ee728b)  -> (artifact id: '2b429ae9c12b3b1a6ada43f6e37f55e3') in 0.035898 seconds
  Import took 0.038305 seconds .

========================================================================
Received Import Request.
  Time since last request: 2.278975 seconds.
  path: Assets/Ground textures pack/Grass 06/diffuse.tga
  artifactKey: Guid(f3c7e12938d22604eb51dc02b394dd80) Importer(815301076,1909f56bfc062723c751e8b465ee728b)
Start importing Assets/Ground textures pack/Grass 06/diffuse.tga using Guid(f3c7e12938d22604eb51dc02b394dd80) Importer(815301076,1909f56bfc062723c751e8b465ee728b)  -> (artifact id: 'acbfb7fd28c4daf69e3b63fa6ec6d616') in 0.037237 seconds
  Import took 0.039566 seconds .

========================================================================
Received Import Request.
  Time since last request: 4.723586 seconds.
  path: Assets/Ground textures pack/Ground 01/diffuse.tga
  artifactKey: Guid(eafd0beb9c624d34f812be7d14134c2f) Importer(815301076,1909f56bfc062723c751e8b465ee728b)
Start importing Assets/Ground textures pack/Ground 01/diffuse.tga using Guid(eafd0beb9c624d34f812be7d14134c2f) Importer(815301076,1909f56bfc062723c751e8b465ee728b)  -> (artifact id: 'e478ea386767ed890e5d6625f0f2a4be') in 0.035182 seconds
  Import took 0.037488 seconds .

========================================================================
Received Import Request.
  Time since last request: 3.174508 seconds.
  path: Assets/Ground textures pack/Ground 02/diffuse.tga
  artifactKey: Guid(cd4f831376722b54bbadd59ef7c6c744) Importer(815301076,1909f56bfc062723c751e8b465ee728b)
Start importing Assets/Ground textures pack/Ground 02/diffuse.tga using Guid(cd4f831376722b54bbadd59ef7c6c744) Importer(815301076,1909f56bfc062723c751e8b465ee728b)  -> (artifact id: 'f8aedb29b5449b936a61e2b0ba951d1f') in 0.035373 seconds
  Import took 0.037758 seconds .

========================================================================
Received Import Request.
  Time since last request: 0.000248 seconds.
  path: Assets/Ground textures pack/Ground 02/normal.tga
  artifactKey: Guid(bf5346a62bd7d0b43a30d8188cf4163e) Importer(815301076,1909f56bfc062723c751e8b465ee728b)
Start importing Assets/Ground textures pack/Ground 02/normal.tga using Guid(bf5346a62bd7d0b43a30d8188cf4163e) Importer(815301076,1909f56bfc062723c751e8b465ee728b)  -> (artifact id: '7b276cea1aa93dd56ffc0fea7588549a') in 0.043438 seconds
  Import took 0.045832 seconds .

========================================================================
Received Import Request.
  Time since last request: 0.000204 seconds.
  path: Assets/Ground textures pack/Ground 02/diffuse.tga
  artifactKey: Guid(cd4f831376722b54bbadd59ef7c6c744) Importer(815301076,1909f56bfc062723c751e8b465ee728b)
Start importing Assets/Ground textures pack/Ground 02/diffuse.tga using Guid(cd4f831376722b54bbadd59ef7c6c744) Importer(815301076,1909f56bfc062723c751e8b465ee728b)  -> (artifact id: 'f8aedb29b5449b936a61e2b0ba951d1f') in 0.031784 seconds
  Import took 0.034142 seconds .

========================================================================
Received Prepare
Registering precompiled user dll's ...
Registered in 0.004109 seconds.
Begin MonoManager ReloadAssembly
Native extension for WindowsStandalone target not found
Native extension for WebGL target not found
Refreshing native plugins compatible for Editor in 0.33 ms, found 2 plugins.
Preloading 0 native plugins for Editor in 0.00 ms.
Mono: successfully reloaded assembly
- Completed reload, in  0.886 seconds
Platform modules already initialized, skipping
Refreshing native plugins compatible for Editor in 0.41 ms, found 2 plugins.
Preloading 0 native plugins for Editor in 0.00 ms.
Unloading 1381 Unused Serialized files (Serialized files now loaded: 0)
System memory in use before: 69.9 MB.
System memory in use after: 70.0 MB.

Unloading 15 unused Assets to reduce memory usage. Loaded Objects now: 1876.
Total: 1.782400 ms (FindLiveObjects: 0.132100 ms CreateObjectMapping: 0.038500 ms MarkObjects: 1.555700 ms  DeleteObjects: 0.055300 ms)

========================================================================
Received Import Request.
  Time since last request: 623.904629 seconds.
  path: Assets/Course Library/Objects/Obstacles
  artifactKey: Guid(19e8ac62dbb9aa24790fff4aae4f58ad) Importer(815301076,1909f56bfc062723c751e8b465ee728b)
Start importing Assets/Course Library/Objects/Obstacles using Guid(19e8ac62dbb9aa24790fff4aae4f58ad) Importer(815301076,1909f56bfc062723c751e8b465ee728b)  -> (artifact id: 'a324dbc6482d6ad1f3762e38c57ec579') in 0.027400 seconds
  Import took 0.029708 seconds .

========================================================================
Received Import Request.
  Time since last request: 0.691973 seconds.
  path: Assets/Course Library/Objects/Indicators
  artifactKey: Guid(f118de1f1c03ca2429afc8068f760de3) Importer(815301076,1909f56bfc062723c751e8b465ee728b)
Start importing Assets/Course Library/Objects/Indicators using Guid(f118de1f1c03ca2429afc8068f760de3) Importer(815301076,1909f56bfc062723c751e8b465ee728b)  -> (artifact id: 'e8bc05e5764f2524e2cd72a410cbdd9a') in 0.024322 seconds
  Import took 0.026658 seconds .

========================================================================
Received Import Request.
  Time since last request: 1.141607 seconds.
  path: Assets/Course Library/Objects/Pickups
  artifactKey: Guid(164fecffc3f077d4c82dbf367a6267a5) Importer(815301076,1909f56bfc062723c751e8b465ee728b)
Start importing Assets/Course Library/Objects/Pickups using Guid(164fecffc3f077d4c82dbf367a6267a5) Importer(815301076,1909f56bfc062723c751e8b465ee728b)  -> (artifact id: 'c7e07b5c840ec89400f42eb9b79440c5') in 0.024467 seconds
  Import took 0.026981 seconds .

========================================================================
Received Import Request.
  Time since last request: 1.261041 seconds.
  path: Assets/Course Library/Objects/Props
  artifactKey: Guid(946725e10858d2d4680f5f2f072ed01f) Importer(815301076,1909f56bfc062723c751e8b465ee728b)
Start importing Assets/Course Library/Objects/Props using Guid(946725e10858d2d4680f5f2f072ed01f) Importer(815301076,1909f56bfc062723c751e8b465ee728b)  -> (artifact id: '43a231ed8f0de2bccb4d45ba15e0ca2d') in 0.024593 seconds
  Import took 0.027071 seconds .

========================================================================
Received Import Request.
  Time since last request: 1.290480 seconds.
  path: Assets/Course Library/Objects/Props/Ball_Cricket.prefab
  artifactKey: Guid(98b342dd18e69a346a6594879cc0c5ce) Importer(815301076,1909f56bfc062723c751e8b465ee728b)
Start importing Assets/Course Library/Objects/Props/Ball_Cricket.prefab using Guid(98b342dd18e69a346a6594879cc0c5ce) Importer(815301076,1909f56bfc062723c751e8b465ee728b)  -> (artifact id: '0ae94e209ef0b4a59e1a5f153d31eb70') in 0.073307 seconds
  Import took 0.075713 seconds .

========================================================================
Received Import Request.
  Time since last request: 0.933740 seconds.
  path: Assets/Course Library/Objects/Props/Skull_01.prefab
  artifactKey: Guid(1aeca1bd9f707c245a80c7f103d235f9) Importer(815301076,1909f56bfc062723c751e8b465ee728b)
Start importing Assets/Course Library/Objects/Props/Skull_01.prefab using Guid(1aeca1bd9f707c245a80c7f103d235f9) Importer(815301076,1909f56bfc062723c751e8b465ee728b)  -> (artifact id: '646be51c6a26b9ac791cbe00502e0207') in 0.047060 seconds
  Import took 0.049775 seconds .

========================================================================
Received Import Request.
  Time since last request: 1.687612 seconds.
  path: Assets/Course Library/Objects/Props/Missile_01.prefab
  artifactKey: Guid(982b7ba9f968b034bbe79438e0a07425) Importer(815301076,1909f56bfc062723c751e8b465ee728b)
Start importing Assets/Course Library/Objects/Props/Missile_01.prefab using Guid(982b7ba9f968b034bbe79438e0a07425) Importer(815301076,1909f56bfc062723c751e8b465ee728b)  -> (artifact id: 'd9a4bd75e24178297692912e1b755805') in 0.037972 seconds
  Import took 0.040467 seconds .

========================================================================
Received Import Request.
  Time since last request: 1.413080 seconds.
  path: Assets/Course Library/Objects/Props/SM_Prop_Bomb_01.prefab
  artifactKey: Guid(666ff701b211d6440b7bd44aa7b3abfa) Importer(815301076,1909f56bfc062723c751e8b465ee728b)
Start importing Assets/Course Library/Objects/Props/SM_Prop_Bomb_01.prefab using Guid(666ff701b211d6440b7bd44aa7b3abfa) Importer(815301076,1909f56bfc062723c751e8b465ee728b)  -> (artifact id: 'dc6e31ce5835b91f085e1c5d910842b1') in 0.040273 seconds
  Import took 0.042669 seconds .

========================================================================
Received Import Request.
  Time since last request: 0.954565 seconds.
  path: Assets/Course Library/Objects/Props/FieldGunRound_01.prefab
  artifactKey: Guid(f127d05270a025740aac64185803fd55) Importer(815301076,1909f56bfc062723c751e8b465ee728b)
Start importing Assets/Course Library/Objects/Props/FieldGunRound_01.prefab using Guid(f127d05270a025740aac64185803fd55) Importer(815301076,1909f56bfc062723c751e8b465ee728b)  -> (artifact id: '62fa6a0bceb40569b9b020f3e8c054cd') in 0.034607 seconds
  Import took 0.037418 seconds .

========================================================================
Received Import Request.
  Time since last request: 0.503116 seconds.
  path: Assets/Course Library/Objects/Props/Ball_Nuclear.prefab
  artifactKey: Guid(07cd57be5fe3a3a4082d14214f7c6ba1) Importer(815301076,1909f56bfc062723c751e8b465ee728b)
Start importing Assets/Course Library/Objects/Props/Ball_Nuclear.prefab using Guid(07cd57be5fe3a3a4082d14214f7c6ba1) Importer(815301076,1909f56bfc062723c751e8b465ee728b)  -> (artifact id: '8d4e79f3433fc82ad8cb3d0ec0313095') in 0.034111 seconds
  Import took 0.036508 seconds .

========================================================================
Received Import Request.
  Time since last request: 1.447059 seconds.
  path: Assets/Course Library/Objects/Props/Ball_Eye.prefab
  artifactKey: Guid(9fd6919c6e21fed429290a0f10ca4548) Importer(815301076,1909f56bfc062723c751e8b465ee728b)
Start importing Assets/Course Library/Objects/Props/Ball_Eye.prefab using Guid(9fd6919c6e21fed429290a0f10ca4548) Importer(815301076,1909f56bfc062723c751e8b465ee728b)  -> (artifact id: '8c58e9f012d73eed474d681604256520') in 0.176165 seconds
  Import took 0.178761 seconds .

========================================================================
Received Import Request.
  Time since last request: 0.003060 seconds.
  path: Assets/Course Library/Objects/Props/Ball_Eye.prefab
  artifactKey: Guid(9fd6919c6e21fed429290a0f10ca4548) Importer(815301076,1909f56bfc062723c751e8b465ee728b)
Start importing Assets/Course Library/Objects/Props/Ball_Eye.prefab using Guid(9fd6919c6e21fed429290a0f10ca4548) Importer(815301076,1909f56bfc062723c751e8b465ee728b)  -> (artifact id: '8c58e9f012d73eed474d681604256520') in 0.030673 seconds
  Import took 0.033117 seconds .

========================================================================
Received Import Request.
  Time since last request: 3.378886 seconds.
  path: Assets/Course Library/Objects/Pickups/RadiationIcon.prefab
  artifactKey: Guid(6f3d65a695e7abd46bde807842983d4a) Importer(815301076,1909f56bfc062723c751e8b465ee728b)
Start importing Assets/Course Library/Objects/Pickups/RadiationIcon.prefab using Guid(6f3d65a695e7abd46bde807842983d4a) Importer(815301076,1909f56bfc062723c751e8b465ee728b)  -> (artifact id: 'a1086cb11c28667bc5fb3dd738120fc9') in 0.088837 seconds
  Import took 0.091533 seconds .

========================================================================
Received Import Request.
  Time since last request: 0.001972 seconds.
  path: Assets/Course Library/Objects/Pickups/RadiationIcon.prefab
  artifactKey: Guid(6f3d65a695e7abd46bde807842983d4a) Importer(815301076,1909f56bfc062723c751e8b465ee728b)
Start importing Assets/Course Library/Objects/Pickups/RadiationIcon.prefab using Guid(6f3d65a695e7abd46bde807842983d4a) Importer(815301076,1909f56bfc062723c751e8b465ee728b)  -> (artifact id: 'a1086cb11c28667bc5fb3dd738120fc9') in 0.028909 seconds
  Import took 0.031317 seconds .

========================================================================
Received Import Request.
  Time since last request: 0.523573 seconds.
  path: Assets/Course Library/Objects/Pickups/Potion_01.prefab
  artifactKey: Guid(2f3e352268bf84b45acf0d56b0b89518) Importer(815301076,1909f56bfc062723c751e8b465ee728b)
Start importing Assets/Course Library/Objects/Pickups/Potion_01.prefab using Guid(2f3e352268bf84b45acf0d56b0b89518) Importer(815301076,1909f56bfc062723c751e8b465ee728b)  -> (artifact id: 'b3fdc2ba9588d8bfca8781b03b35bb44') in 0.038303 seconds
  Import took 0.040948 seconds .

========================================================================
Received Import Request.
  Time since last request: 2.215015 seconds.
  path: Assets/Course Library/Objects/Obstacles/Prop_Barrier03.prefab
  artifactKey: Guid(84a102c1bf03d0a43bd4b342185c2811) Importer(815301076,1909f56bfc062723c751e8b465ee728b)
Start importing Assets/Course Library/Objects/Obstacles/Prop_Barrier03.prefab using Guid(84a102c1bf03d0a43bd4b342185c2811) Importer(815301076,1909f56bfc062723c751e8b465ee728b)  -> (artifact id: '1bdf45df4edd4101919f9e9cc48ddbd0') in 0.035798 seconds
  Import took 0.038309 seconds .

========================================================================
Received Import Request.
  Time since last request: 0.004471 seconds.
  path: Assets/Course Library/Objects/Obstacles/Prop_Barrier03.prefab
  artifactKey: Guid(84a102c1bf03d0a43bd4b342185c2811) Importer(815301076,1909f56bfc062723c751e8b465ee728b)
Start importing Assets/Course Library/Objects/Obstacles/Prop_Barrier03.prefab using Guid(84a102c1bf03d0a43bd4b342185c2811) Importer(815301076,1909f56bfc062723c751e8b465ee728b)  -> (artifact id: '1bdf45df4edd4101919f9e9cc48ddbd0') in 0.031361 seconds
  Import took 0.034094 seconds .

========================================================================
Received Import Request.
  Time since last request: 1.082411 seconds.
  path: Assets/Course Library/Objects/Obstacles/Crate_01.prefab
  artifactKey: Guid(71782582b9d2cac4cba5251a3b767d13) Importer(815301076,1909f56bfc062723c751e8b465ee728b)
Start importing Assets/Course Library/Objects/Obstacles/Crate_01.prefab using Guid(71782582b9d2cac4cba5251a3b767d13) Importer(815301076,1909f56bfc062723c751e8b465ee728b)  -> (artifact id: 'd197adab3c4505677cc244f44c1c5e31') in 0.038064 seconds
  Import took 0.040632 seconds .

========================================================================
Received Import Request.
  Time since last request: 1.410503 seconds.
  path: Assets/Course Library/Objects/Obstacles/SM_Tree_Log_02.prefab
  artifactKey: Guid(9020d2933ec6c0544965ea4b12952c42) Importer(815301076,1909f56bfc062723c751e8b465ee728b)
Start importing Assets/Course Library/Objects/Obstacles/SM_Tree_Log_02.prefab using Guid(9020d2933ec6c0544965ea4b12952c42) Importer(815301076,1909f56bfc062723c751e8b465ee728b)  -> (artifact id: '0d1e36d5bee6112b47faad35d0a6aeeb') in 0.034432 seconds
  Import took 0.036729 seconds .

========================================================================
Received Import Request.
  Time since last request: 0.006218 seconds.
  path: Assets/Course Library/Objects/Obstacles/SM_Tree_Log_02.prefab
  artifactKey: Guid(9020d2933ec6c0544965ea4b12952c42) Importer(815301076,1909f56bfc062723c751e8b465ee728b)
Start importing Assets/Course Library/Objects/Obstacles/SM_Tree_Log_02.prefab using Guid(9020d2933ec6c0544965ea4b12952c42) Importer(815301076,1909f56bfc062723c751e8b465ee728b)  -> (artifact id: '0d1e36d5bee6112b47faad35d0a6aeeb') in 0.031083 seconds
  Import took 0.033502 seconds .

========================================================================
Received Import Request.
  Time since last request: 0.565612 seconds.
  path: Assets/Course Library/Objects/Obstacles/SM_Rock_Boulder_01.prefab
  artifactKey: Guid(cdcb19fde9e8cba40b7bff849baf2c1b) Importer(815301076,1909f56bfc062723c751e8b465ee728b)
Start importing Assets/Course Library/Objects/Obstacles/SM_Rock_Boulder_01.prefab using Guid(cdcb19fde9e8cba40b7bff849baf2c1b) Importer(815301076,1909f56bfc062723c751e8b465ee728b)  -> (artifact id: '8ff55334da91781c6ebd85aaca845445') in 0.034540 seconds
  Import took 0.036913 seconds .

========================================================================
Received Import Request.
  Time since last request: 0.709550 seconds.
  path: Assets/Course Library/Objects/Obstacles/Prop_Spool_02.prefab
  artifactKey: Guid(3daef342e8f3f9548b04424eac7d4d0d) Importer(815301076,1909f56bfc062723c751e8b465ee728b)
Start importing Assets/Course Library/Objects/Obstacles/Prop_Spool_02.prefab using Guid(3daef342e8f3f9548b04424eac7d4d0d) Importer(815301076,1909f56bfc062723c751e8b465ee728b)  -> (artifact id: '3706ee620d7002740b10243c01f448d7') in 0.038901 seconds
  Import took 0.041510 seconds .

========================================================================
Received Import Request.
  Time since last request: 0.837650 seconds.
  path: Assets/Course Library/Objects/Obstacles/SM_Prop_StoneWall_01.prefab
  artifactKey: Guid(aa7a79e53bee7d64e9b1fb9894a773a5) Importer(815301076,1909f56bfc062723c751e8b465ee728b)
Start importing Assets/Course Library/Objects/Obstacles/SM_Prop_StoneWall_01.prefab using Guid(aa7a79e53bee7d64e9b1fb9894a773a5) Importer(815301076,1909f56bfc062723c751e8b465ee728b)  -> (artifact id: 'a9d3922c3e4f4a18286051bb708a8993') in 0.035697 seconds
  Import took 0.038304 seconds .

========================================================================
Received Import Request.
  Time since last request: 82.850274 seconds.
  path: Assets/Course Library/Objects/Obstacles/Synty_Cube_01.prefab
  artifactKey: Guid(feddb6666a6474b4a80e6e7fc805f21f) Importer(815301076,1909f56bfc062723c751e8b465ee728b)
Start importing Assets/Course Library/Objects/Obstacles/Synty_Cube_01.prefab using Guid(feddb6666a6474b4a80e6e7fc805f21f) Importer(815301076,1909f56bfc062723c751e8b465ee728b)  -> (artifact id: '41db5ca85e395a003b0ca5b0baae7a2b') in 0.038082 seconds
  Import took 0.040862 seconds .

========================================================================
Received Import Request.
  Time since last request: 1.434914 seconds.
  path: Assets/Course Library/Objects/Obstacles/Prop_Barrier02.prefab
  artifactKey: Guid(367149bd17c4d4d4e8868ec6a5cf8d45) Importer(815301076,1909f56bfc062723c751e8b465ee728b)
Start importing Assets/Course Library/Objects/Obstacles/Prop_Barrier02.prefab using Guid(367149bd17c4d4d4e8868ec6a5cf8d45) Importer(815301076,1909f56bfc062723c751e8b465ee728b)  -> (artifact id: 'f06218bccdf7fc17f46abcd5e32f9988') in 0.033564 seconds
  Import took 0.035889 seconds .

========================================================================
Received Import Request.
  Time since last request: 0.548395 seconds.
  path: Assets/Course Library/Objects/Obstacles/Crate_Question_01.prefab
  artifactKey: Guid(d19c36dc5f97d444fa54380cf09bd828) Importer(815301076,1909f56bfc062723c751e8b465ee728b)
Start importing Assets/Course Library/Objects/Obstacles/Crate_Question_01.prefab using Guid(d19c36dc5f97d444fa54380cf09bd828) Importer(815301076,1909f56bfc062723c751e8b465ee728b)  -> (artifact id: '4896aa76fa22e8ab8b3f26d42b599713') in 0.036592 seconds
  Import took 0.039017 seconds .

========================================================================
Received Import Request.
  Time since last request: 1.195204 seconds.
  path: Assets/Course Library/Objects/Obstacles/Barrel_01P.prefab
  artifactKey: Guid(f750d5f061e724f4c827ab6b376e2550) Importer(815301076,1909f56bfc062723c751e8b465ee728b)
Start importing Assets/Course Library/Objects/Obstacles/Barrel_01P.prefab using Guid(f750d5f061e724f4c827ab6b376e2550) Importer(815301076,1909f56bfc062723c751e8b465ee728b)  -> (artifact id: 'f4f1d80fe857756c0332ca8a38f01f81') in 0.035440 seconds
  Import took 0.037882 seconds .

========================================================================
Received Import Request.
  Time since last request: 1.096694 seconds.
  path: Assets/Course Library/Objects/Obstacles/Barrel_02.prefab
  artifactKey: Guid(cb04eea70ee14ab49b68d12e2cbbf680) Importer(815301076,1909f56bfc062723c751e8b465ee728b)
Start importing Assets/Course Library/Objects/Obstacles/Barrel_02.prefab using Guid(cb04eea70ee14ab49b68d12e2cbbf680) Importer(815301076,1909f56bfc062723c751e8b465ee728b)  -> (artifact id: '0dcdedede4bfbb9d11a139d1fbaae080') in 0.037864 seconds
  Import took 0.040883 seconds .

========================================================================
Received Import Request.
  Time since last request: 1.988600 seconds.
  path: Assets/Course Library/Objects/Obstacles/Barrel_01.prefab
  artifactKey: Guid(95927758d3a4cef4ba6c4318f06876fd) Importer(815301076,1909f56bfc062723c751e8b465ee728b)
Start importing Assets/Course Library/Objects/Obstacles/Barrel_01.prefab using Guid(95927758d3a4cef4ba6c4318f06876fd) Importer(815301076,1909f56bfc062723c751e8b465ee728b)  -> (artifact id: '59ca2f3012ed6879adccab59394fd6a8') in 0.036805 seconds
  Import took 0.039597 seconds .

========================================================================
Received Import Request.
  Time since last request: 1.041348 seconds.
  path: Assets/Course Library/Objects/Obstacles/Prop_Barrier01.prefab
  artifactKey: Guid(ee7d0c4ddd804dd4e95f705d43c9135e) Importer(815301076,1909f56bfc062723c751e8b465ee728b)
Start importing Assets/Course Library/Objects/Obstacles/Prop_Barrier01.prefab using Guid(ee7d0c4ddd804dd4e95f705d43c9135e) Importer(815301076,1909f56bfc062723c751e8b465ee728b)  -> (artifact id: 'c93c19a5e840ada4c0bb5d0453ee40c5') in 0.038522 seconds
  Import took 0.041457 seconds .

========================================================================
Received Import Request.
  Time since last request: 2.421194 seconds.
  path: Assets/Course Library/Objects/Obstacles/Prop_BouyLarge_01.prefab
  artifactKey: Guid(7fd142260cfad7143a49c736573e6fc9) Importer(815301076,1909f56bfc062723c751e8b465ee728b)
Start importing Assets/Course Library/Objects/Obstacles/Prop_BouyLarge_01.prefab using Guid(7fd142260cfad7143a49c736573e6fc9) Importer(815301076,1909f56bfc062723c751e8b465ee728b)  -> (artifact id: '9532b06d8fbd97fb1b2c45bf3f09aa4c') in 0.053456 seconds
  Import took 0.055796 seconds .

AssetImportWorkerClient::OnTransportError - code=2 error=End of file
